build/app/intermediates/manifest_merge_blame_file/release/processReleaseMainManifest/manifest-merger-blame-release-report.txt
1<?xml version="1.0" encoding="utf-8"?>
2<manifest xmlns:android="http://schemas.android.com/apk/res/android"
3    package="com.example.luggease"
4    android:versionCode="1"
5    android:versionName="1.0.0" >
6
7    <uses-sdk
8        android:minSdkVersion="24"
9        android:targetSdkVersion="36" />
10
11    <uses-permission android:name="android.permission.INTERNET" />
11-->src\main\AndroidManifest.xml:3:5-67
11-->src\main\AndroidManifest.xml:3:22-64
12    <uses-permission android:name="android.permission.ACCESS_FINE_LOCATION" />
12-->src\main\AndroidManifest.xml:4:5-79
12-->src\main\AndroidManifest.xml:4:22-76
13    <uses-permission android:name="android.permission.ACCESS_COARSE_LOCATION" />
13-->src\main\AndroidManifest.xml:5:5-81
13-->src\main\AndroidManifest.xml:5:22-78
14    <uses-permission android:name="android.permission.CAMERA" />
14-->src\main\AndroidManifest.xml:6:5-65
14-->src\main\AndroidManifest.xml:6:22-62
15    <uses-permission android:name="android.permission.READ_EXTERNAL_STORAGE" />
15-->src\main\AndroidManifest.xml:7:5-80
15-->src\main\AndroidManifest.xml:7:22-77
16    <uses-permission
16-->src\main\AndroidManifest.xml:8:5-81
17        android:name="android.permission.WRITE_EXTERNAL_STORAGE"
17-->src\main\AndroidManifest.xml:8:22-78
18        android:maxSdkVersion="28" />
18-->[:camera_android_camerax] AndroidManifest.xml:13:9-35
19    <uses-permission android:name="android.permission.VIBRATE" />
19-->src\main\AndroidManifest.xml:9:5-66
19-->src\main\AndroidManifest.xml:9:22-63
20
21    <queries>
21-->src\main\AndroidManifest.xml:47:5-52:15
22        <intent>
22-->src\main\AndroidManifest.xml:48:9-51:18
23            <action android:name="android.intent.action.PROCESS_TEXT" />
23-->src\main\AndroidManifest.xml:49:13-72
23-->src\main\AndroidManifest.xml:49:21-70
24
25            <data android:mimeType="text/plain" />
25-->src\main\AndroidManifest.xml:50:13-50
25-->src\main\AndroidManifest.xml:50:19-48
26        </intent>
27        <!-- Needs to be explicitly declared on Android R+ -->
28        <package android:name="com.google.android.apps.maps" />
28-->[com.google.android.gms:play-services-maps:20.0.0] AndroidManifest.xml:29:7-61
28-->[com.google.android.gms:play-services-maps:20.0.0] AndroidManifest.xml:29:16-59
29    </queries>
30
31    <uses-feature android:name="android.hardware.camera.any" />
31-->[:camera_android_camerax] AndroidManifest.xml:7:5-64
31-->[:camera_android_camerax] AndroidManifest.xml:7:19-61
32
33    <uses-permission android:name="android.permission.RECORD_AUDIO" />
33-->[:camera_android_camerax] AndroidManifest.xml:10:5-71
33-->[:camera_android_camerax] AndroidManifest.xml:10:22-68
34    <uses-permission android:name="android.permission.WAKE_LOCK" />
34-->[:firebase_messaging] AndroidManifest.xml:8:5-68
34-->[:firebase_messaging] AndroidManifest.xml:8:22-65
35    <uses-permission android:name="android.permission.ACCESS_NETWORK_STATE" /> <!-- Permissions options for the `notification` group -->
35-->[:firebase_messaging] AndroidManifest.xml:9:5-79
35-->[:firebase_messaging] AndroidManifest.xml:9:22-76
36    <uses-permission android:name="android.permission.POST_NOTIFICATIONS" />
36-->[:firebase_messaging] AndroidManifest.xml:11:5-77
36-->[:firebase_messaging] AndroidManifest.xml:11:22-74
37
38    <uses-feature
38-->[com.google.android.gms:play-services-maps:20.0.0] AndroidManifest.xml:22:5-24:33
39        android:glEsVersion="0x00020000"
39-->[com.google.android.gms:play-services-maps:20.0.0] AndroidManifest.xml:23:8-40
40        android:required="true" /> <!-- Required by older versions of Google Play services to create IID tokens -->
40-->[com.google.android.gms:play-services-maps:20.0.0] AndroidManifest.xml:24:8-31
41    <uses-permission android:name="com.google.android.c2dm.permission.RECEIVE" />
41-->[com.google.firebase:firebase-messaging:24.1.2] AndroidManifest.xml:26:5-82
41-->[com.google.firebase:firebase-messaging:24.1.2] AndroidManifest.xml:26:22-79
42    <uses-permission android:name="com.google.android.providers.gsf.permission.READ_GSERVICES" />
42-->[com.google.android.recaptcha:recaptcha:18.6.1] AndroidManifest.xml:9:5-98
42-->[com.google.android.recaptcha:recaptcha:18.6.1] AndroidManifest.xml:9:22-95
43
44    <permission
44-->[androidx.core:core:1.17.0] AndroidManifest.xml:22:5-24:47
45        android:name="com.example.luggease.DYNAMIC_RECEIVER_NOT_EXPORTED_PERMISSION"
45-->[androidx.core:core:1.17.0] AndroidManifest.xml:23:9-81
46        android:protectionLevel="signature" />
46-->[androidx.core:core:1.17.0] AndroidManifest.xml:24:9-44
47
48    <uses-permission android:name="com.example.luggease.DYNAMIC_RECEIVER_NOT_EXPORTED_PERMISSION" />
48-->[androidx.core:core:1.17.0] AndroidManifest.xml:26:5-97
48-->[androidx.core:core:1.17.0] AndroidManifest.xml:26:22-94
49
50    <application
50-->src\main\AndroidManifest.xml:11:5-45:19
51        android:appComponentFactory="androidx.core.app.CoreComponentFactory"
51-->[androidx.core:core:1.17.0] AndroidManifest.xml:28:18-86
52        android:extractNativeLibs="false"
53        android:icon="@mipmap/ic_launcher"
53-->src\main\AndroidManifest.xml:12:9-43
54        android:label="LuggEase" >
54-->src\main\AndroidManifest.xml:13:9-33
55
56        <!-- Google Maps API Key -->
57        <meta-data
57-->src\main\AndroidManifest.xml:16:9-18:71
58            android:name="com.google.android.geo.API_KEY"
58-->src\main\AndroidManifest.xml:17:13-58
59            android:value="AIzaSyAyBfnMrrRi1FrN7yq4ZWQIX1MMoaPB3WE" />
59-->src\main\AndroidManifest.xml:18:13-68
60
61        <activity
61-->src\main\AndroidManifest.xml:20:9-39:20
62            android:name="com.example.luggease.MainActivity"
62-->src\main\AndroidManifest.xml:21:13-41
63            android:configChanges="orientation|keyboardHidden|keyboard|screenSize|smallestScreenSize|locale|layoutDirection|fontScale|screenLayout|density|uiMode"
63-->src\main\AndroidManifest.xml:26:13-163
64            android:exported="true"
64-->src\main\AndroidManifest.xml:22:13-36
65            android:hardwareAccelerated="true"
65-->src\main\AndroidManifest.xml:27:13-47
66            android:launchMode="singleTop"
66-->src\main\AndroidManifest.xml:23:13-43
67            android:taskAffinity=""
67-->src\main\AndroidManifest.xml:24:13-36
68            android:theme="@style/LaunchTheme"
68-->src\main\AndroidManifest.xml:25:13-47
69            android:windowSoftInputMode="adjustResize" >
69-->src\main\AndroidManifest.xml:28:13-55
70            <meta-data
70-->src\main\AndroidManifest.xml:30:13-32:54
71                android:name="io.flutter.embedding.android.NormalTheme"
71-->src\main\AndroidManifest.xml:31:15-70
72                android:resource="@style/NormalTheme" />
72-->src\main\AndroidManifest.xml:32:15-52
73
74            <intent-filter>
74-->src\main\AndroidManifest.xml:34:13-37:29
75                <action android:name="android.intent.action.MAIN" />
75-->src\main\AndroidManifest.xml:35:17-68
75-->src\main\AndroidManifest.xml:35:25-66
76
77                <category android:name="android.intent.category.LAUNCHER" />
77-->src\main\AndroidManifest.xml:36:17-76
77-->src\main\AndroidManifest.xml:36:27-74
78            </intent-filter>
79        </activity>
80
81        <meta-data
81-->src\main\AndroidManifest.xml:41:9-43:33
82            android:name="flutterEmbedding"
82-->src\main\AndroidManifest.xml:42:13-44
83            android:value="2" />
83-->src\main\AndroidManifest.xml:43:13-30
84
85        <service
85-->[androidx.camera:camera-camera2:1.5.3] AndroidManifest.xml:24:9-33:19
86            android:name="androidx.camera.core.impl.MetadataHolderService"
86-->[androidx.camera:camera-camera2:1.5.3] AndroidManifest.xml:25:13-75
87            android:enabled="false"
87-->[androidx.camera:camera-camera2:1.5.3] AndroidManifest.xml:26:13-36
88            android:exported="false" >
88-->[androidx.camera:camera-camera2:1.5.3] AndroidManifest.xml:27:13-37
89            <meta-data
89-->[androidx.camera:camera-camera2:1.5.3] AndroidManifest.xml:30:13-32:89
90                android:name="androidx.camera.core.impl.MetadataHolderService.DEFAULT_CONFIG_PROVIDER"
90-->[androidx.camera:camera-camera2:1.5.3] AndroidManifest.xml:31:17-103
91                android:value="androidx.camera.camera2.Camera2Config$DefaultProvider" />
91-->[androidx.camera:camera-camera2:1.5.3] AndroidManifest.xml:32:17-86
92        </service>
93        <service
93-->[:geolocator_android] AndroidManifest.xml:8:9-12:56
94            android:name="com.baseflow.geolocator.GeolocatorLocationService"
94-->[:geolocator_android] AndroidManifest.xml:9:13-77
95            android:enabled="true"
95-->[:geolocator_android] AndroidManifest.xml:10:13-35
96            android:exported="false"
96-->[:geolocator_android] AndroidManifest.xml:11:13-37
97            android:foregroundServiceType="location" />
97-->[:geolocator_android] AndroidManifest.xml:12:13-53
98
99        <provider
99-->[:image_picker_android] AndroidManifest.xml:9:9-17:20
100            android:name="io.flutter.plugins.imagepicker.ImagePickerFileProvider"
100-->[:image_picker_android] AndroidManifest.xml:10:13-82
101            android:authorities="com.example.luggease.flutter.image_provider"
101-->[:image_picker_android] AndroidManifest.xml:11:13-74
102            android:exported="false"
102-->[:image_picker_android] AndroidManifest.xml:12:13-37
103            android:grantUriPermissions="true" >
103-->[:image_picker_android] AndroidManifest.xml:13:13-47
104            <meta-data
104-->[:image_picker_android] AndroidManifest.xml:14:13-16:75
105                android:name="android.support.FILE_PROVIDER_PATHS"
105-->[:image_picker_android] AndroidManifest.xml:15:17-67
106                android:resource="@xml/flutter_image_picker_file_paths" />
106-->[:image_picker_android] AndroidManifest.xml:16:17-72
107        </provider> <!-- Trigger Google Play services to install the backported photo picker module. -->
108        <service
108-->[:image_picker_android] AndroidManifest.xml:19:9-31:19
109            android:name="com.google.android.gms.metadata.ModuleDependencies"
109-->[:image_picker_android] AndroidManifest.xml:20:13-78
110            android:enabled="false"
110-->[:image_picker_android] AndroidManifest.xml:21:13-36
111            android:exported="false" >
111-->[:image_picker_android] AndroidManifest.xml:22:13-37
112            <intent-filter>
112-->[:image_picker_android] AndroidManifest.xml:24:13-26:29
113                <action android:name="com.google.android.gms.metadata.MODULE_DEPENDENCIES" />
113-->[:image_picker_android] AndroidManifest.xml:25:17-94
113-->[:image_picker_android] AndroidManifest.xml:25:25-91
114            </intent-filter>
115
116            <meta-data
116-->[:image_picker_android] AndroidManifest.xml:28:13-30:36
117                android:name="photopicker_activity:0:required"
117-->[:image_picker_android] AndroidManifest.xml:29:17-63
118                android:value="" />
118-->[:image_picker_android] AndroidManifest.xml:30:17-33
119        </service>
120
121        <activity
121-->[:url_launcher_android] AndroidManifest.xml:8:9-11:74
122            android:name="io.flutter.plugins.urllauncher.WebViewActivity"
122-->[:url_launcher_android] AndroidManifest.xml:9:13-74
123            android:exported="false"
123-->[:url_launcher_android] AndroidManifest.xml:10:13-37
124            android:theme="@android:style/Theme.NoTitleBar.Fullscreen" />
124-->[:url_launcher_android] AndroidManifest.xml:11:13-71
125
126        <service
126-->[:cloud_firestore] AndroidManifest.xml:8:9-12:19
127            android:name="com.google.firebase.components.ComponentDiscoveryService"
127-->[:cloud_firestore] AndroidManifest.xml:8:18-89
128            android:directBootAware="true"
128-->[com.google.firebase:firebase-common:21.0.0] AndroidManifest.xml:32:13-43
129            android:exported="false" >
129-->[com.google.firebase:firebase-auth:23.2.1] AndroidManifest.xml:68:13-37
130            <meta-data
130-->[:cloud_firestore] AndroidManifest.xml:9:13-11:85
131                android:name="com.google.firebase.components:io.flutter.plugins.firebase.firestore.FlutterFirebaseFirestoreRegistrar"
131-->[:cloud_firestore] AndroidManifest.xml:10:17-134
132                android:value="com.google.firebase.components.ComponentRegistrar" />
132-->[:cloud_firestore] AndroidManifest.xml:11:17-82
133            <meta-data
133-->[:firebase_auth] AndroidManifest.xml:9:13-11:85
134                android:name="com.google.firebase.components:io.flutter.plugins.firebase.auth.FlutterFirebaseAuthRegistrar"
134-->[:firebase_auth] AndroidManifest.xml:10:17-124
135                android:value="com.google.firebase.components.ComponentRegistrar" />
135-->[:firebase_auth] AndroidManifest.xml:11:17-82
136            <meta-data
136-->[:firebase_messaging] AndroidManifest.xml:36:13-38:85
137                android:name="com.google.firebase.components:io.flutter.plugins.firebase.messaging.FlutterFirebaseAppRegistrar"
137-->[:firebase_messaging] AndroidManifest.xml:37:17-128
138                android:value="com.google.firebase.components.ComponentRegistrar" />
138-->[:firebase_messaging] AndroidManifest.xml:38:17-82
139            <meta-data
139-->[:firebase_storage] AndroidManifest.xml:9:13-11:85
140                android:name="com.google.firebase.components:io.flutter.plugins.firebase.storage.FlutterFirebaseAppRegistrar"
140-->[:firebase_storage] AndroidManifest.xml:10:17-126
141                android:value="com.google.firebase.components.ComponentRegistrar" />
141-->[:firebase_storage] AndroidManifest.xml:11:17-82
142            <meta-data
142-->[:firebase_core] AndroidManifest.xml:9:13-11:85
143                android:name="com.google.firebase.components:io.flutter.plugins.firebase.core.FlutterFirebaseCoreRegistrar"
143-->[:firebase_core] AndroidManifest.xml:10:17-124
144                android:value="com.google.firebase.components.ComponentRegistrar" />
144-->[:firebase_core] AndroidManifest.xml:11:17-82
145            <meta-data
145-->[com.google.firebase:firebase-auth:23.2.1] AndroidManifest.xml:69:13-71:85
146                android:name="com.google.firebase.components:com.google.firebase.auth.FirebaseAuthRegistrar"
146-->[com.google.firebase:firebase-auth:23.2.1] AndroidManifest.xml:70:17-109
147                android:value="com.google.firebase.components.ComponentRegistrar" />
147-->[com.google.firebase:firebase-auth:23.2.1] AndroidManifest.xml:71:17-82
148            <meta-data
148-->[com.google.firebase:firebase-firestore:25.1.4] AndroidManifest.xml:17:13-19:85
149                android:name="com.google.firebase.components:com.google.firebase.firestore.FirebaseFirestoreKtxRegistrar"
149-->[com.google.firebase:firebase-firestore:25.1.4] AndroidManifest.xml:18:17-122
150                android:value="com.google.firebase.components.ComponentRegistrar" />
150-->[com.google.firebase:firebase-firestore:25.1.4] AndroidManifest.xml:19:17-82
151            <meta-data
151-->[com.google.firebase:firebase-firestore:25.1.4] AndroidManifest.xml:20:13-22:85
152                android:name="com.google.firebase.components:com.google.firebase.firestore.FirestoreRegistrar"
152-->[com.google.firebase:firebase-firestore:25.1.4] AndroidManifest.xml:21:17-111
153                android:value="com.google.firebase.components.ComponentRegistrar" />
153-->[com.google.firebase:firebase-firestore:25.1.4] AndroidManifest.xml:22:17-82
154            <meta-data
154-->[com.google.firebase:firebase-messaging:24.1.2] AndroidManifest.xml:57:13-59:85
155                android:name="com.google.firebase.components:com.google.firebase.messaging.FirebaseMessagingKtxRegistrar"
155-->[com.google.firebase:firebase-messaging:24.1.2] AndroidManifest.xml:58:17-122
156                android:value="com.google.firebase.components.ComponentRegistrar" />
156-->[com.google.firebase:firebase-messaging:24.1.2] AndroidManifest.xml:59:17-82
157            <meta-data
157-->[com.google.firebase:firebase-messaging:24.1.2] AndroidManifest.xml:60:13-62:85
158                android:name="com.google.firebase.components:com.google.firebase.messaging.FirebaseMessagingRegistrar"
158-->[com.google.firebase:firebase-messaging:24.1.2] AndroidManifest.xml:61:17-119
159                android:value="com.google.firebase.components.ComponentRegistrar" />
159-->[com.google.firebase:firebase-messaging:24.1.2] AndroidManifest.xml:62:17-82
160            <meta-data
160-->[com.google.firebase:firebase-storage:21.0.2] AndroidManifest.xml:30:13-32:85
161                android:name="com.google.firebase.components:com.google.firebase.storage.FirebaseStorageKtxRegistrar"
161-->[com.google.firebase:firebase-storage:21.0.2] AndroidManifest.xml:31:17-118
162                android:value="com.google.firebase.components.ComponentRegistrar" />
162-->[com.google.firebase:firebase-storage:21.0.2] AndroidManifest.xml:32:17-82
163            <meta-data
163-->[com.google.firebase:firebase-storage:21.0.2] AndroidManifest.xml:33:13-35:85
164                android:name="com.google.firebase.components:com.google.firebase.storage.StorageRegistrar"
164-->[com.google.firebase:firebase-storage:21.0.2] AndroidManifest.xml:34:17-107
165                android:value="com.google.firebase.components.ComponentRegistrar" />
165-->[com.google.firebase:firebase-storage:21.0.2] AndroidManifest.xml:35:17-82
166            <meta-data
166-->[com.google.firebase:firebase-appcheck:18.0.0] AndroidManifest.xml:25:13-27:85
167                android:name="com.google.firebase.components:com.google.firebase.appcheck.FirebaseAppCheckKtxRegistrar"
167-->[com.google.firebase:firebase-appcheck:18.0.0] AndroidManifest.xml:26:17-120
168                android:value="com.google.firebase.components.ComponentRegistrar" />
168-->[com.google.firebase:firebase-appcheck:18.0.0] AndroidManifest.xml:27:17-82
169            <meta-data
169-->[com.google.firebase:firebase-appcheck:18.0.0] AndroidManifest.xml:28:13-30:85
170                android:name="com.google.firebase.components:com.google.firebase.appcheck.FirebaseAppCheckRegistrar"
170-->[com.google.firebase:firebase-appcheck:18.0.0] AndroidManifest.xml:29:17-117
171                android:value="com.google.firebase.components.ComponentRegistrar" />
171-->[com.google.firebase:firebase-appcheck:18.0.0] AndroidManifest.xml:30:17-82
172            <meta-data
172-->[com.google.firebase:firebase-installations:18.0.0] AndroidManifest.xml:15:13-17:85
173                android:name="com.google.firebase.components:com.google.firebase.installations.FirebaseInstallationsKtxRegistrar"
173-->[com.google.firebase:firebase-installations:18.0.0] AndroidManifest.xml:16:17-130
174                android:value="com.google.firebase.components.ComponentRegistrar" />
174-->[com.google.firebase:firebase-installations:18.0.0] AndroidManifest.xml:17:17-82
175            <meta-data
175-->[com.google.firebase:firebase-installations:18.0.0] AndroidManifest.xml:18:13-20:85
176                android:name="com.google.firebase.components:com.google.firebase.installations.FirebaseInstallationsRegistrar"
176-->[com.google.firebase:firebase-installations:18.0.0] AndroidManifest.xml:19:17-127
177                android:value="com.google.firebase.components.ComponentRegistrar" />
177-->[com.google.firebase:firebase-installations:18.0.0] AndroidManifest.xml:20:17-82
178            <meta-data
178-->[com.google.firebase:firebase-common-ktx:21.0.0] AndroidManifest.xml:12:13-14:85
179                android:name="com.google.firebase.components:com.google.firebase.ktx.FirebaseCommonLegacyRegistrar"
179-->[com.google.firebase:firebase-common-ktx:21.0.0] AndroidManifest.xml:13:17-116
180                android:value="com.google.firebase.components.ComponentRegistrar" />
180-->[com.google.firebase:firebase-common-ktx:21.0.0] AndroidManifest.xml:14:17-82
181            <meta-data
181-->[com.google.firebase:firebase-common:21.0.0] AndroidManifest.xml:35:13-37:85
182                android:name="com.google.firebase.components:com.google.firebase.FirebaseCommonKtxRegistrar"
182-->[com.google.firebase:firebase-common:21.0.0] AndroidManifest.xml:36:17-109
183                android:value="com.google.firebase.components.ComponentRegistrar" />
183-->[com.google.firebase:firebase-common:21.0.0] AndroidManifest.xml:37:17-82
184            <meta-data
184-->[com.google.firebase:firebase-datatransport:18.2.0] AndroidManifest.xml:25:13-27:85
185                android:name="com.google.firebase.components:com.google.firebase.datatransport.TransportRegistrar"
185-->[com.google.firebase:firebase-datatransport:18.2.0] AndroidManifest.xml:26:17-115
186                android:value="com.google.firebase.components.ComponentRegistrar" />
186-->[com.google.firebase:firebase-datatransport:18.2.0] AndroidManifest.xml:27:17-82
187        </service>
188        <service
188-->[:firebase_messaging] AndroidManifest.xml:14:9-17:72
189            android:name="io.flutter.plugins.firebase.messaging.FlutterFirebaseMessagingBackgroundService"
189-->[:firebase_messaging] AndroidManifest.xml:15:13-107
190            android:exported="false"
190-->[:firebase_messaging] AndroidManifest.xml:16:13-37
191            android:permission="android.permission.BIND_JOB_SERVICE" />
191-->[:firebase_messaging] AndroidManifest.xml:17:13-69
192        <service
192-->[:firebase_messaging] AndroidManifest.xml:18:9-24:19
193            android:name="io.flutter.plugins.firebase.messaging.FlutterFirebaseMessagingService"
193-->[:firebase_messaging] AndroidManifest.xml:19:13-97
194            android:exported="false" >
194-->[:firebase_messaging] AndroidManifest.xml:20:13-37
195            <intent-filter>
195-->[:firebase_messaging] AndroidManifest.xml:21:13-23:29
196                <action android:name="com.google.firebase.MESSAGING_EVENT" />
196-->[:firebase_messaging] AndroidManifest.xml:22:17-78
196-->[:firebase_messaging] AndroidManifest.xml:22:25-75
197            </intent-filter>
198        </service>
199
200        <receiver
200-->[:firebase_messaging] AndroidManifest.xml:26:9-33:20
201            android:name="io.flutter.plugins.firebase.messaging.FlutterFirebaseMessagingReceiver"
201-->[:firebase_messaging] AndroidManifest.xml:27:13-98
202            android:exported="true"
202-->[:firebase_messaging] AndroidManifest.xml:28:13-36
203            android:permission="com.google.android.c2dm.permission.SEND" >
203-->[:firebase_messaging] AndroidManifest.xml:29:13-73
204            <intent-filter>
204-->[:firebase_messaging] AndroidManifest.xml:30:13-32:29
205                <action android:name="com.google.android.c2dm.intent.RECEIVE" />
205-->[:firebase_messaging] AndroidManifest.xml:31:17-81
205-->[:firebase_messaging] AndroidManifest.xml:31:25-78
206            </intent-filter>
207        </receiver>
208
209        <provider
209-->[:firebase_messaging] AndroidManifest.xml:41:9-45:38
210            android:name="io.flutter.plugins.firebase.messaging.FlutterFirebaseMessagingInitProvider"
210-->[:firebase_messaging] AndroidManifest.xml:42:13-102
211            android:authorities="com.example.luggease.flutterfirebasemessaginginitprovider"
211-->[:firebase_messaging] AndroidManifest.xml:43:13-88
212            android:exported="false"
212-->[:firebase_messaging] AndroidManifest.xml:44:13-37
213            android:initOrder="99" />
213-->[:firebase_messaging] AndroidManifest.xml:45:13-35
214
215        <activity
215-->[com.google.firebase:firebase-auth:23.2.1] AndroidManifest.xml:29:9-46:20
216            android:name="com.google.firebase.auth.internal.GenericIdpActivity"
216-->[com.google.firebase:firebase-auth:23.2.1] AndroidManifest.xml:30:13-80
217            android:excludeFromRecents="true"
217-->[com.google.firebase:firebase-auth:23.2.1] AndroidManifest.xml:31:13-46
218            android:exported="true"
218-->[com.google.firebase:firebase-auth:23.2.1] AndroidManifest.xml:32:13-36
219            android:launchMode="singleTask"
219-->[com.google.firebase:firebase-auth:23.2.1] AndroidManifest.xml:33:13-44
220            android:theme="@android:style/Theme.Translucent.NoTitleBar" >
220-->[com.google.firebase:firebase-auth:23.2.1] AndroidManifest.xml:34:13-72
221            <intent-filter>
221-->[com.google.firebase:firebase-auth:23.2.1] AndroidManifest.xml:35:13-45:29
222                <action android:name="android.intent.action.VIEW" />
222-->[com.google.firebase:firebase-auth:23.2.1] AndroidManifest.xml:36:17-69
222-->[com.google.firebase:firebase-auth:23.2.1] AndroidManifest.xml:36:25-66
223
224                <category android:name="android.intent.category.DEFAULT" />
224-->[com.google.firebase:firebase-auth:23.2.1] AndroidManifest.xml:38:17-76
224-->[com.google.firebase:firebase-auth:23.2.1] AndroidManifest.xml:38:27-73
225                <category android:name="android.intent.category.BROWSABLE" />
225-->[com.google.firebase:firebase-auth:23.2.1] AndroidManifest.xml:39:17-78
225-->[com.google.firebase:firebase-auth:23.2.1] AndroidManifest.xml:39:27-75
226
227                <data
227-->src\main\AndroidManifest.xml:50:13-50
228                    android:host="firebase.auth"
229                    android:path="/"
230                    android:scheme="genericidp" />
231            </intent-filter>
232        </activity>
233        <activity
233-->[com.google.firebase:firebase-auth:23.2.1] AndroidManifest.xml:47:9-64:20
234            android:name="com.google.firebase.auth.internal.RecaptchaActivity"
234-->[com.google.firebase:firebase-auth:23.2.1] AndroidManifest.xml:48:13-79
235            android:excludeFromRecents="true"
235-->[com.google.firebase:firebase-auth:23.2.1] AndroidManifest.xml:49:13-46
236            android:exported="true"
236-->[com.google.firebase:firebase-auth:23.2.1] AndroidManifest.xml:50:13-36
237            android:launchMode="singleTask"
237-->[com.google.firebase:firebase-auth:23.2.1] AndroidManifest.xml:51:13-44
238            android:theme="@android:style/Theme.Translucent.NoTitleBar" >
238-->[com.google.firebase:firebase-auth:23.2.1] AndroidManifest.xml:52:13-72
239            <intent-filter>
239-->[com.google.firebase:firebase-auth:23.2.1] AndroidManifest.xml:53:13-63:29
240                <action android:name="android.intent.action.VIEW" />
240-->[com.google.firebase:firebase-auth:23.2.1] AndroidManifest.xml:36:17-69
240-->[com.google.firebase:firebase-auth:23.2.1] AndroidManifest.xml:36:25-66
241
242                <category android:name="android.intent.category.DEFAULT" />
242-->[com.google.firebase:firebase-auth:23.2.1] AndroidManifest.xml:38:17-76
242-->[com.google.firebase:firebase-auth:23.2.1] AndroidManifest.xml:38:27-73
243                <category android:name="android.intent.category.BROWSABLE" />
243-->[com.google.firebase:firebase-auth:23.2.1] AndroidManifest.xml:39:17-78
243-->[com.google.firebase:firebase-auth:23.2.1] AndroidManifest.xml:39:27-75
244
245                <data
245-->src\main\AndroidManifest.xml:50:13-50
246                    android:host="firebase.auth"
247                    android:path="/"
248                    android:scheme="recaptcha" />
249            </intent-filter>
250        </activity>
251
252        <uses-library
252-->[androidx.window:window:1.2.0] AndroidManifest.xml:23:9-25:40
253            android:name="androidx.window.extensions"
253-->[androidx.window:window:1.2.0] AndroidManifest.xml:24:13-54
254            android:required="false" />
254-->[androidx.window:window:1.2.0] AndroidManifest.xml:25:13-37
255        <uses-library
255-->[androidx.window:window:1.2.0] AndroidManifest.xml:26:9-28:40
256            android:name="androidx.window.sidecar"
256-->[androidx.window:window:1.2.0] AndroidManifest.xml:27:13-51
257            android:required="false" />
257-->[androidx.window:window:1.2.0] AndroidManifest.xml:28:13-37
258
259        <meta-data
259-->[com.google.maps.android:android-maps-utils:4.1.0] AndroidManifest.xml:24:9-26:69
260            android:name="com.google.android.gms.version"
260-->[com.google.maps.android:android-maps-utils:4.1.0] AndroidManifest.xml:25:13-58
261            android:value="@integer/google_play_services_version" />
261-->[com.google.maps.android:android-maps-utils:4.1.0] AndroidManifest.xml:26:13-66
262
263        <provider
263-->[com.google.maps.android:android-maps-utils:4.1.0] AndroidManifest.xml:28:9-36:20
264            android:name="androidx.startup.InitializationProvider"
264-->[com.google.maps.android:android-maps-utils:4.1.0] AndroidManifest.xml:29:13-67
265            android:authorities="com.example.luggease.androidx-startup"
265-->[com.google.maps.android:android-maps-utils:4.1.0] AndroidManifest.xml:30:13-68
266            android:exported="false" >
266-->[com.google.maps.android:android-maps-utils:4.1.0] AndroidManifest.xml:31:13-37
267            <meta-data
267-->[com.google.maps.android:android-maps-utils:4.1.0] AndroidManifest.xml:33:13-35:52
268                android:name="com.google.maps.android.utils.attribution.AttributionIdInitializer"
268-->[com.google.maps.android:android-maps-utils:4.1.0] AndroidManifest.xml:34:17-98
269                android:value="androidx.startup" />
269-->[com.google.maps.android:android-maps-utils:4.1.0] AndroidManifest.xml:35:17-49
270            <meta-data
270-->[androidx.emoji2:emoji2:1.3.0] AndroidManifest.xml:29:13-31:52
271                android:name="androidx.emoji2.text.EmojiCompatInitializer"
271-->[androidx.emoji2:emoji2:1.3.0] AndroidManifest.xml:30:17-75
272                android:value="androidx.startup" />
272-->[androidx.emoji2:emoji2:1.3.0] AndroidManifest.xml:31:17-49
273            <meta-data
273-->[androidx.lifecycle:lifecycle-process:2.7.0] AndroidManifest.xml:29:13-31:52
274                android:name="androidx.lifecycle.ProcessLifecycleInitializer"
274-->[androidx.lifecycle:lifecycle-process:2.7.0] AndroidManifest.xml:30:17-78
275                android:value="androidx.startup" />